2025/11/15 13:36:03 [notice] 1#1: using the "epoll" event method
2025/11/15 13:36:03 [notice] 1#1: nginx/1.27.5
2025/11/15 13:36:03 [notice] 1#1: built by gcc 14.2.0 (Alpine 14.2.0) 
2025/11/15 13:36:03 [notice] 1#1: OS: Linux 6.10.14-linuxkit
2025/11/15 13:36:03 [notice] 1#1: getrlimit(RLIMIT_NOFILE): 1048576:1048576
2025/11/15 13:36:03 [notice] 1#1: start worker processes
2025/11/15 13:36:03 [notice] 1#1: start worker process 29
2025/11/15 13:36:03 [notice] 1#1: start worker process 30
2025/11/15 13:36:03 [notice] 1#1: start worker process 31
2025/11/15 13:36:03 [notice] 1#1: start worker process 32
2025/11/15 13:36:03 [notice] 1#1: start worker process 33
2025/11/15 13:36:03 [notice] 1#1: start worker process 34
2025/11/15 13:36:03 [notice] 1#1: start worker process 35
2025/11/15 13:36:03 [notice] 1#1: start worker process 36
2025/11/15 13:36:03 [notice] 1#1: start worker process 37
2025/11/15 13:36:03 [notice] 1#1: start worker process 38
2025/11/15 13:36:03 [notice] 1#1: start worker process 39
2025/11/15 13:36:03 [notice] 1#1: start worker process 40
2025/11/15 13:36:03 [notice] 1#1: start worker process 41
2025/11/15 13:36:03 [notice] 1#1: start worker process 42
2025/11/15 13:36:03 [notice] 1#1: start worker process 43
2025/11/15 13:36:03 [notice] 1#1: start worker process 44
2025/11/15 13:40:13 [notice] 1#1: signal 3 (SIGQUIT) received, shutting down
2025/11/15 13:40:13 [notice] 30#30: gracefully shutting down
2025/11/15 13:40:13 [notice] 31#31: gracefully shutting down
2025/11/15 13:40:13 [notice] 29#29: gracefully shutting down
2025/11/15 13:40:13 [notice] 33#33: gracefully shutting down
2025/11/15 13:40:13 [notice] 29#29: exiting
2025/11/15 13:40:13 [notice] 32#32: gracefully shutting down
2025/11/15 13:40:13 [notice] 34#34: gracefully shutting down
2025/11/15 13:40:13 [notice] 35#35: gracefully shutting down
2025/11/15 13:40:13 [notice] 36#36: gracefully shutting down
2025/11/15 13:40:13 [notice] 37#37: gracefully shutting down
2025/11/15 13:40:13 [notice] 38#38: gracefully shutting down
2025/11/15 13:40:13 [notice] 39#39: gracefully shutting down
2025/11/15 13:40:13 [notice] 40#40: gracefully shutting down
2025/11/15 13:40:13 [notice] 42#42: gracefully shutting down
2025/11/15 13:40:13 [notice] 41#41: gracefully shutting down
2025/11/15 13:40:13 [notice] 42#42: exiting
2025/11/15 13:40:13 [notice] 43#43: gracefully shutting down
2025/11/15 13:40:13 [notice] 30#30: exiting
2025/11/15 13:40:13 [notice] 44#44: gracefully shutting down
2025/11/15 13:40:13 [notice] 31#31: exiting
2025/11/15 13:40:13 [notice] 33#33: exiting
2025/11/15 13:40:13 [notice] 32#32: exiting
2025/11/15 13:40:13 [notice] 30#30: exit
2025/11/15 13:40:13 [notice] 29#29: exit
2025/11/15 13:40:13 [notice] 34#34: exiting
2025/11/15 13:40:13 [notice] 35#35: exiting
2025/11/15 13:40:13 [notice] 36#36: exiting
2025/11/15 13:40:13 [notice] 37#37: exiting
2025/11/15 13:40:13 [notice] 38#38: exiting
2025/11/15 13:40:13 [notice] 39#39: exiting
2025/11/15 13:40:13 [notice] 35#35: exit
2025/11/15 13:40:13 [notice] 40#40: exiting
2025/11/15 13:40:13 [notice] 41#41: exiting
2025/11/15 13:40:13 [notice] 38#38: exit
2025/11/15 13:40:13 [notice] 43#43: exiting
2025/11/15 13:40:13 [notice] 42#42: exit
2025/11/15 13:40:13 [notice] 44#44: exiting
2025/11/15 13:40:13 [notice] 31#31: exit
2025/11/15 13:40:13 [notice] 43#43: exit
2025/11/15 13:40:13 [notice] 33#33: exit
2025/11/15 13:40:13 [notice] 32#32: exit
2025/11/15 13:40:13 [notice] 34#34: exit
2025/11/15 13:40:13 [notice] 36#36: exit
2025/11/15 13:40:13 [notice] 37#37: exit
2025/11/15 13:40:13 [notice] 39#39: exit
2025/11/15 13:40:13 [notice] 40#40: exit
2025/11/15 13:40:13 [notice] 41#41: exit
2025/11/15 13:40:13 [notice] 44#44: exit
2025/11/15 13:40:13 [notice] 1#1: signal 17 (SIGCHLD) received from 34
2025/11/15 13:40:13 [notice] 1#1: worker process 29 exited with code 0
2025/11/15 13:40:13 [notice] 1#1: worker process 34 exited with code 0
2025/11/15 13:40:13 [notice] 1#1: worker process 32 exited with code 0
2025/11/15 13:40:13 [notice] 1#1: worker process 36 exited with code 0
2025/11/15 13:40:13 [notice] 1#1: worker process 37 exited with code 0
2025/11/15 13:40:13 [notice] 1#1: worker process 43 exited with code 0
2025/11/15 13:40:13 [notice] 1#1: signal 17 (SIGCHLD) received from 36
2025/11/15 13:40:13 [notice] 1#1: signal 29 (SIGIO) received
2025/11/15 13:40:13 [notice] 1#1: signal 17 (SIGCHLD) received from 44
2025/11/15 13:40:13 [notice] 1#1: worker process 30 exited with code 0
2025/11/15 13:40:13 [notice] 1#1: worker process 33 exited with code 0
2025/11/15 13:40:13 [notice] 1#1: worker process 35 exited with code 0
2025/11/15 13:40:13 [notice] 1#1: worker process 39 exited with code 0
2025/11/15 13:40:13 [notice] 1#1: worker process 40 exited with code 0
2025/11/15 13:40:13 [notice] 1#1: worker process 41 exited with code 0
2025/11/15 13:40:13 [notice] 1#1: worker process 42 exited with code 0
2025/11/15 13:40:13 [notice] 1#1: worker process 44 exited with code 0
2025/11/15 13:40:13 [notice] 1#1: signal 17 (SIGCHLD) received from 30
2025/11/15 13:40:13 [notice] 1#1: signal 29 (SIGIO) received
2025/11/15 13:40:13 [notice] 1#1: signal 17 (SIGCHLD) received from 38
2025/11/15 13:40:13 [notice] 1#1: worker process 31 exited with code 0
2025/11/15 13:40:13 [notice] 1#1: worker process 38 exited with code 0
2025/11/15 13:40:13 [notice] 1#1: exit
2025/11/15 13:43:42 [notice] 1#1: using the "epoll" event method
2025/11/15 13:43:42 [notice] 1#1: nginx/1.27.5
2025/11/15 13:43:42 [notice] 1#1: built by gcc 14.2.0 (Alpine 14.2.0) 
2025/11/15 13:43:42 [notice] 1#1: OS: Linux 6.10.14-linuxkit
2025/11/15 13:43:42 [notice] 1#1: getrlimit(RLIMIT_NOFILE): 1048576:1048576
2025/11/15 13:43:42 [notice] 1#1: start worker processes
2025/11/15 13:43:42 [notice] 1#1: start worker process 29
2025/11/15 13:43:42 [notice] 1#1: start worker process 30
2025/11/15 13:43:42 [notice] 1#1: start worker process 31
2025/11/15 13:43:42 [notice] 1#1: start worker process 32
2025/11/15 13:43:42 [notice] 1#1: start worker process 33
2025/11/15 13:43:42 [notice] 1#1: start worker process 34
2025/11/15 13:43:42 [notice] 1#1: start worker process 35
2025/11/15 13:43:42 [notice] 1#1: start worker process 36
2025/11/15 13:43:42 [notice] 1#1: start worker process 37
2025/11/15 13:43:42 [notice] 1#1: start worker process 38
2025/11/15 13:43:42 [notice] 1#1: start worker process 39
2025/11/15 13:43:42 [notice] 1#1: start worker process 40
2025/11/15 13:43:42 [notice] 1#1: start worker process 41
2025/11/15 13:43:42 [notice] 1#1: start worker process 42
2025/11/15 13:43:42 [notice] 1#1: start worker process 43
2025/11/15 13:43:42 [notice] 1#1: start worker process 44
2025/11/15 13:48:00 [notice] 1#1: signal 3 (SIGQUIT) received, shutting down
2025/11/15 13:48:00 [notice] 29#29: gracefully shutting down
2025/11/15 13:48:00 [notice] 39#39: gracefully shutting down
2025/11/15 13:48:00 [notice] 30#30: gracefully shutting down
2025/11/15 13:48:00 [notice] 31#31: gracefully shutting down
2025/11/15 13:48:00 [notice] 35#35: gracefully shutting down
2025/11/15 13:48:00 [notice] 34#34: gracefully shutting down
2025/11/15 13:48:00 [notice] 33#33: gracefully shutting down
2025/11/15 13:48:00 [notice] 41#41: gracefully shutting down
2025/11/15 13:48:00 [notice] 36#36: gracefully shutting down
2025/11/15 13:48:00 [notice] 42#42: gracefully shutting down
2025/11/15 13:48:00 [notice] 41#41: exiting
2025/11/15 13:48:00 [notice] 43#43: gracefully shutting down
2025/11/15 13:48:00 [notice] 38#38: gracefully shutting down
2025/11/15 13:48:00 [notice] 32#32: gracefully shutting down
2025/11/15 13:48:00 [notice] 37#37: gracefully shutting down
2025/11/15 13:48:00 [notice] 40#40: gracefully shutting down
2025/11/15 13:48:00 [notice] 44#44: gracefully shutting down
2025/11/15 13:48:00 [notice] 29#29: exiting
2025/11/15 13:48:00 [notice] 40#40: exiting
2025/11/15 13:48:00 [notice] 39#39: exiting
2025/11/15 13:48:00 [notice] 31#31: exiting
2025/11/15 13:48:00 [notice] 30#30: exiting
2025/11/15 13:48:00 [notice] 35#35: exiting
2025/11/15 13:48:00 [notice] 34#34: exiting
2025/11/15 13:48:00 [notice] 33#33: exiting
2025/11/15 13:48:00 [notice] 36#36: exiting
2025/11/15 13:48:00 [notice] 42#42: exiting
2025/11/15 13:48:00 [notice] 43#43: exiting
2025/11/15 13:48:00 [notice] 38#38: exiting
2025/11/15 13:48:00 [notice] 32#32: exiting
2025/11/15 13:48:00 [notice] 41#41: exit
2025/11/15 13:48:00 [notice] 37#37: exiting
2025/11/15 13:48:00 [notice] 44#44: exiting
2025/11/15 13:48:00 [notice] 29#29: exit
2025/11/15 13:48:00 [notice] 40#40: exit
2025/11/15 13:48:00 [notice] 39#39: exit
2025/11/15 13:48:00 [notice] 31#31: exit
2025/11/15 13:48:00 [notice] 30#30: exit
2025/11/15 13:48:00 [notice] 35#35: exit
2025/11/15 13:48:00 [notice] 34#34: exit
2025/11/15 13:48:00 [notice] 33#33: exit
2025/11/15 13:48:00 [notice] 36#36: exit
2025/11/15 13:48:00 [notice] 42#42: exit
2025/11/15 13:48:00 [notice] 43#43: exit
2025/11/15 13:48:00 [notice] 38#38: exit
2025/11/15 13:48:00 [notice] 32#32: exit
2025/11/15 13:48:00 [notice] 37#37: exit
2025/11/15 13:48:00 [notice] 44#44: exit
2025/11/15 13:48:00 [notice] 1#1: signal 17 (SIGCHLD) received from 29
2025/11/15 13:48:00 [notice] 1#1: worker process 29 exited with code 0
2025/11/15 13:48:00 [notice] 1#1: worker process 30 exited with code 0
2025/11/15 13:48:00 [notice] 1#1: worker process 31 exited with code 0
2025/11/15 13:48:00 [notice] 1#1: worker process 41 exited with code 0
2025/11/15 13:48:00 [notice] 1#1: signal 17 (SIGCHLD) received from 41
2025/11/15 13:48:00 [notice] 1#1: signal 29 (SIGIO) received
2025/11/15 13:48:00 [notice] 1#1: signal 17 (SIGCHLD) received from 38
2025/11/15 13:48:00 [notice] 1#1: worker process 38 exited with code 0
2025/11/15 13:48:00 [notice] 1#1: worker process 42 exited with code 0
2025/11/15 13:48:00 [notice] 1#1: worker process 43 exited with code 0
2025/11/15 13:48:00 [notice] 1#1: signal 29 (SIGIO) received
2025/11/15 13:48:00 [notice] 1#1: signal 17 (SIGCHLD) received from 35
2025/11/15 13:48:00 [notice] 1#1: worker process 32 exited with code 0
2025/11/15 13:48:00 [notice] 1#1: worker process 34 exited with code 0
2025/11/15 13:48:00 [notice] 1#1: worker process 35 exited with code 0
2025/11/15 13:48:00 [notice] 1#1: worker process 37 exited with code 0
2025/11/15 13:48:00 [notice] 1#1: signal 17 (SIGCHLD) received from 32
2025/11/15 13:48:00 [notice] 1#1: signal 29 (SIGIO) received
2025/11/15 13:48:00 [notice] 1#1: signal 17 (SIGCHLD) received from 40
2025/11/15 13:48:00 [notice] 1#1: worker process 36 exited with code 0
2025/11/15 13:48:00 [notice] 1#1: worker process 33 exited with code 0
2025/11/15 13:48:00 [notice] 1#1: worker process 39 exited with code 0
2025/11/15 13:48:00 [notice] 1#1: worker process 40 exited with code 0
2025/11/15 13:48:00 [notice] 1#1: worker process 44 exited with code 0
2025/11/15 13:48:00 [notice] 1#1: exit
2025/11/15 13:48:18 [notice] 1#1: using the "epoll" event method
2025/11/15 13:48:18 [notice] 1#1: nginx/1.27.5
2025/11/15 13:48:18 [notice] 1#1: built by gcc 14.2.0 (Alpine 14.2.0) 
2025/11/15 13:48:18 [notice] 1#1: OS: Linux 6.10.14-linuxkit
2025/11/15 13:48:18 [notice] 1#1: getrlimit(RLIMIT_NOFILE): 1048576:1048576
2025/11/15 13:48:18 [notice] 1#1: start worker processes
2025/11/15 13:48:18 [notice] 1#1: start worker process 29
2025/11/15 13:48:18 [notice] 1#1: start worker process 30
2025/11/15 13:48:18 [notice] 1#1: start worker process 31
2025/11/15 13:48:18 [notice] 1#1: start worker process 32
2025/11/15 13:48:18 [notice] 1#1: start worker process 33
2025/11/15 13:48:18 [notice] 1#1: start worker process 34
2025/11/15 13:48:18 [notice] 1#1: start worker process 35
2025/11/15 13:48:18 [notice] 1#1: start worker process 36
2025/11/15 13:48:18 [notice] 1#1: start worker process 37
2025/11/15 13:48:18 [notice] 1#1: start worker process 38
2025/11/15 13:48:18 [notice] 1#1: start worker process 39
2025/11/15 13:48:18 [notice] 1#1: start worker process 40
2025/11/15 13:48:18 [notice] 1#1: start worker process 41
2025/11/15 13:48:18 [notice] 1#1: start worker process 42
2025/11/15 13:48:18 [notice] 1#1: start worker process 43
2025/11/15 13:48:18 [notice] 1#1: start worker process 44
2025/11/16 03:30:56 [notice] 1#1: signal 3 (SIGQUIT) received, shutting down
2025/11/16 03:30:56 [notice] 30#30: gracefully shutting down
2025/11/16 03:30:56 [notice] 29#29: gracefully shutting down
2025/11/16 03:30:56 [notice] 31#31: gracefully shutting down
2025/11/16 03:30:56 [notice] 32#32: gracefully shutting down
2025/11/16 03:30:56 [notice] 31#31: exiting
2025/11/16 03:30:56 [notice] 33#33: gracefully shutting down
2025/11/16 03:30:56 [notice] 35#35: gracefully shutting down
2025/11/16 03:30:56 [notice] 34#34: gracefully shutting down
2025/11/16 03:30:56 [notice] 38#38: gracefully shutting down
2025/11/16 03:30:56 [notice] 36#36: gracefully shutting down
2025/11/16 03:30:56 [notice] 39#39: gracefully shutting down
2025/11/16 03:30:56 [notice] 40#40: gracefully shutting down
2025/11/16 03:30:56 [notice] 42#42: gracefully shutting down
2025/11/16 03:30:56 [notice] 43#43: gracefully shutting down
2025/11/16 03:30:56 [notice] 37#37: gracefully shutting down
2025/11/16 03:30:56 [notice] 42#42: exiting
2025/11/16 03:30:56 [notice] 41#41: gracefully shutting down
2025/11/16 03:30:56 [notice] 37#37: exiting
2025/11/16 03:30:56 [notice] 44#44: gracefully shutting down
2025/11/16 03:30:56 [notice] 41#41: exiting
2025/11/16 03:30:56 [notice] 30#30: exiting
2025/11/16 03:30:56 [notice] 44#44: exiting
2025/11/16 03:30:56 [notice] 29#29: exiting
2025/11/16 03:30:56 [notice] 37#37: exit
2025/11/16 03:30:56 [notice] 32#32: exiting
2025/11/16 03:30:56 [notice] 33#33: exiting
2025/11/16 03:30:56 [notice] 35#35: exiting
2025/11/16 03:30:56 [notice] 34#34: exiting
2025/11/16 03:30:56 [notice] 31#31: exit
2025/11/16 03:30:56 [notice] 38#38: exiting
2025/11/16 03:30:56 [notice] 36#36: exiting
2025/11/16 03:30:56 [notice] 39#39: exiting
2025/11/16 03:30:56 [notice] 40#40: exiting
2025/11/16 03:30:56 [notice] 43#43: exiting
2025/11/16 03:30:56 [notice] 38#38: exit
2025/11/16 03:30:56 [notice] 42#42: exit
2025/11/16 03:30:56 [notice] 41#41: exit
2025/11/16 03:30:56 [notice] 40#40: exit
2025/11/16 03:30:56 [notice] 30#30: exit
2025/11/16 03:30:56 [notice] 44#44: exit
2025/11/16 03:30:56 [notice] 32#32: exit
2025/11/16 03:30:56 [notice] 29#29: exit
2025/11/16 03:30:56 [notice] 33#33: exit
2025/11/16 03:30:56 [notice] 35#35: exit
2025/11/16 03:30:56 [notice] 34#34: exit
2025/11/16 03:30:56 [notice] 36#36: exit
2025/11/16 03:30:56 [notice] 39#39: exit
2025/11/16 03:30:56 [notice] 43#43: exit
2025/11/16 03:30:56 [notice] 1#1: signal 17 (SIGCHLD) received from 37
2025/11/16 03:30:56 [notice] 1#1: worker process 30 exited with code 0
2025/11/16 03:30:56 [notice] 1#1: worker process 32 exited with code 0
2025/11/16 03:30:56 [notice] 1#1: worker process 37 exited with code 0
2025/11/16 03:30:56 [notice] 1#1: worker process 38 exited with code 0
2025/11/16 03:30:56 [notice] 1#1: worker process 40 exited with code 0
2025/11/16 03:30:56 [notice] 1#1: worker process 43 exited with code 0
2025/11/16 03:30:56 [notice] 1#1: signal 17 (SIGCHLD) received from 30
2025/11/16 03:30:56 [notice] 1#1: signal 29 (SIGIO) received
2025/11/16 03:30:56 [notice] 1#1: signal 17 (SIGCHLD) received from 42
2025/11/16 03:30:56 [notice] 1#1: worker process 42 exited with code 0
2025/11/16 03:30:56 [notice] 1#1: worker process 44 exited with code 0
2025/11/16 03:30:56 [notice] 1#1: worker process 31 exited with code 0
2025/11/16 03:30:56 [notice] 1#1: worker process 33 exited with code 0
2025/11/16 03:30:56 [notice] 1#1: worker process 34 exited with code 0
2025/11/16 03:30:56 [notice] 1#1: worker process 41 exited with code 0
2025/11/16 03:30:56 [notice] 1#1: signal 17 (SIGCHLD) received from 44
2025/11/16 03:30:56 [notice] 1#1: signal 29 (SIGIO) received
2025/11/16 03:30:56 [notice] 1#1: signal 17 (SIGCHLD) received from 36
2025/11/16 03:30:56 [notice] 1#1: worker process 29 exited with code 0
2025/11/16 03:30:56 [notice] 1#1: worker process 36 exited with code 0
2025/11/16 03:30:56 [notice] 1#1: worker process 39 exited with code 0
2025/11/16 03:30:56 [notice] 1#1: signal 17 (SIGCHLD) received from 39
2025/11/16 03:30:56 [notice] 1#1: signal 29 (SIGIO) received
2025/11/16 03:30:56 [notice] 1#1: signal 17 (SIGCHLD) received from 35
2025/11/16 03:30:56 [notice] 1#1: worker process 35 exited with code 0
2025/11/16 03:30:56 [notice] 1#1: exit
2025/11/16 03:31:05 [notice] 1#1: using the "epoll" event method
2025/11/16 03:31:05 [notice] 1#1: nginx/1.27.5
2025/11/16 03:31:05 [notice] 1#1: built by gcc 14.2.0 (Alpine 14.2.0) 
2025/11/16 03:31:05 [notice] 1#1: OS: Linux 6.10.14-linuxkit
2025/11/16 03:31:05 [notice] 1#1: getrlimit(RLIMIT_NOFILE): 1048576:1048576
2025/11/16 03:31:05 [notice] 1#1: start worker processes
2025/11/16 03:31:05 [notice] 1#1: start worker process 29
2025/11/16 03:31:05 [notice] 1#1: start worker process 30
2025/11/16 03:31:05 [notice] 1#1: start worker process 31
2025/11/16 03:31:05 [notice] 1#1: start worker process 32
2025/11/16 03:31:05 [notice] 1#1: start worker process 33
2025/11/16 03:31:05 [notice] 1#1: start worker process 34
2025/11/16 03:31:05 [notice] 1#1: start worker process 35
2025/11/16 03:31:05 [notice] 1#1: start worker process 36
2025/11/16 03:31:05 [notice] 1#1: start worker process 37
2025/11/16 03:31:05 [notice] 1#1: start worker process 38
2025/11/16 03:31:05 [notice] 1#1: start worker process 39
2025/11/16 03:31:05 [notice] 1#1: start worker process 40
2025/11/16 03:31:05 [notice] 1#1: start worker process 41
2025/11/16 03:31:05 [notice] 1#1: start worker process 42
2025/11/16 03:31:05 [notice] 1#1: start worker process 43
2025/11/16 03:31:05 [notice] 1#1: start worker process 44
2025/11/16 03:32:44 [notice] 1#1: signal 3 (SIGQUIT) received, shutting down
2025/11/16 03:32:44 [notice] 30#30: gracefully shutting down
2025/11/16 03:32:44 [notice] 39#39: gracefully shutting down
2025/11/16 03:32:44 [notice] 29#29: gracefully shutting down
2025/11/16 03:32:44 [notice] 33#33: gracefully shutting down
2025/11/16 03:32:44 [notice] 32#32: gracefully shutting down
2025/11/16 03:32:44 [notice] 34#34: gracefully shutting down
2025/11/16 03:32:44 [notice] 35#35: gracefully shutting down
2025/11/16 03:32:44 [notice] 31#31: gracefully shutting down
2025/11/16 03:32:44 [notice] 36#36: gracefully shutting down
2025/11/16 03:32:44 [notice] 37#37: gracefully shutting down
2025/11/16 03:32:44 [notice] 40#40: gracefully shutting down
2025/11/16 03:32:44 [notice] 36#36: exiting
2025/11/16 03:32:44 [notice] 42#42: gracefully shutting down
2025/11/16 03:32:44 [notice] 41#41: gracefully shutting down
2025/11/16 03:32:44 [notice] 38#38: gracefully shutting down
2025/11/16 03:32:44 [notice] 43#43: gracefully shutting down
2025/11/16 03:32:44 [notice] 30#30: exiting
2025/11/16 03:32:44 [notice] 44#44: gracefully shutting down
2025/11/16 03:32:44 [notice] 29#29: exiting
2025/11/16 03:32:44 [notice] 39#39: exiting
2025/11/16 03:32:44 [notice] 33#33: exiting
2025/11/16 03:32:44 [notice] 32#32: exiting
2025/11/16 03:32:44 [notice] 34#34: exiting
2025/11/16 03:32:44 [notice] 35#35: exiting
2025/11/16 03:32:44 [notice] 31#31: exiting
2025/11/16 03:32:44 [notice] 33#33: exit
2025/11/16 03:32:44 [notice] 37#37: exiting
2025/11/16 03:32:44 [notice] 40#40: exiting
2025/11/16 03:32:44 [notice] 36#36: exit
2025/11/16 03:32:44 [notice] 42#42: exiting
2025/11/16 03:32:44 [notice] 41#41: exiting
2025/11/16 03:32:44 [notice] 38#38: exiting
2025/11/16 03:32:44 [notice] 43#43: exiting
2025/11/16 03:32:44 [notice] 30#30: exit
2025/11/16 03:32:44 [notice] 41#41: exit
2025/11/16 03:32:44 [notice] 44#44: exiting
2025/11/16 03:32:44 [notice] 29#29: exit
2025/11/16 03:32:44 [notice] 39#39: exit
2025/11/16 03:32:44 [notice] 32#32: exit
2025/11/16 03:32:44 [notice] 34#34: exit
2025/11/16 03:32:44 [notice] 35#35: exit
2025/11/16 03:32:44 [notice] 31#31: exit
2025/11/16 03:32:44 [notice] 37#37: exit
2025/11/16 03:32:44 [notice] 40#40: exit
2025/11/16 03:32:44 [notice] 42#42: exit
2025/11/16 03:32:44 [notice] 38#38: exit
2025/11/16 03:32:44 [notice] 43#43: exit
2025/11/16 03:32:44 [notice] 44#44: exit
2025/11/16 03:32:44 [notice] 1#1: signal 17 (SIGCHLD) received from 32
2025/11/16 03:32:44 [notice] 1#1: worker process 30 exited with code 0
2025/11/16 03:32:44 [notice] 1#1: worker process 32 exited with code 0
2025/11/16 03:32:44 [notice] 1#1: worker process 29 exited with code 0
2025/11/16 03:32:44 [notice] 1#1: worker process 31 exited with code 0
2025/11/16 03:32:44 [notice] 1#1: worker process 33 exited with code 0
2025/11/16 03:32:44 [notice] 1#1: worker process 34 exited with code 0
2025/11/16 03:32:44 [notice] 1#1: worker process 35 exited with code 0
2025/11/16 03:32:44 [notice] 1#1: worker process 36 exited with code 0
2025/11/16 03:32:44 [notice] 1#1: worker process 37 exited with code 0
2025/11/16 03:32:44 [notice] 1#1: worker process 38 exited with code 0
2025/11/16 03:32:44 [notice] 1#1: worker process 39 exited with code 0
2025/11/16 03:32:44 [notice] 1#1: worker process 40 exited with code 0
2025/11/16 03:32:44 [notice] 1#1: worker process 41 exited with code 0
2025/11/16 03:32:44 [notice] 1#1: worker process 42 exited with code 0
2025/11/16 03:32:44 [notice] 1#1: worker process 43 exited with code 0
2025/11/16 03:32:44 [notice] 1#1: worker process 44 exited with code 0
2025/11/16 03:32:44 [notice] 1#1: exit
2025/11/16 03:32:48 [notice] 1#1: using the "epoll" event method
2025/11/16 03:32:48 [notice] 1#1: nginx/1.27.5
2025/11/16 03:32:48 [notice] 1#1: built by gcc 14.2.0 (Alpine 14.2.0) 
2025/11/16 03:32:48 [notice] 1#1: OS: Linux 6.10.14-linuxkit
2025/11/16 03:32:48 [notice] 1#1: getrlimit(RLIMIT_NOFILE): 1048576:1048576
2025/11/16 03:32:48 [notice] 1#1: start worker processes
2025/11/16 03:32:48 [notice] 1#1: start worker process 29
2025/11/16 03:32:48 [notice] 1#1: start worker process 30
2025/11/16 03:32:48 [notice] 1#1: start worker process 31
2025/11/16 03:32:48 [notice] 1#1: start worker process 32
2025/11/16 03:32:48 [notice] 1#1: start worker process 33
2025/11/16 03:32:48 [notice] 1#1: start worker process 34
2025/11/16 03:32:48 [notice] 1#1: start worker process 35
2025/11/16 03:32:48 [notice] 1#1: start worker process 36
2025/11/16 03:32:48 [notice] 1#1: start worker process 37
2025/11/16 03:32:48 [notice] 1#1: start worker process 38
2025/11/16 03:32:48 [notice] 1#1: start worker process 39
2025/11/16 03:32:48 [notice] 1#1: start worker process 40
2025/11/16 03:32:48 [notice] 1#1: start worker process 41
2025/11/16 03:32:48 [notice] 1#1: start worker process 42
2025/11/16 03:32:48 [notice] 1#1: start worker process 43
2025/11/16 03:32:48 [notice] 1#1: start worker process 44
2025/11/16 04:30:23 [notice] 1#1: signal 3 (SIGQUIT) received, shutting down
2025/11/16 04:30:23 [notice] 29#29: gracefully shutting down
2025/11/16 04:30:23 [notice] 31#31: gracefully shutting down
2025/11/16 04:30:23 [notice] 33#33: gracefully shutting down
2025/11/16 04:30:23 [notice] 35#35: gracefully shutting down
2025/11/16 04:30:23 [notice] 30#30: gracefully shutting down
2025/11/16 04:30:23 [notice] 34#34: gracefully shutting down
2025/11/16 04:30:23 [notice] 32#32: gracefully shutting down
2025/11/16 04:30:23 [notice] 34#34: exiting
2025/11/16 04:30:23 [notice] 41#41: gracefully shutting down
2025/11/16 04:30:23 [notice] 40#40: gracefully shutting down
2025/11/16 04:30:23 [notice] 41#41: exiting
2025/11/16 04:30:23 [notice] 38#38: gracefully shutting down
2025/11/16 04:30:23 [notice] 43#43: gracefully shutting down
2025/11/16 04:30:23 [notice] 38#38: exiting
2025/11/16 04:30:23 [notice] 37#37: gracefully shutting down
2025/11/16 04:30:23 [notice] 41#41: exit
2025/11/16 04:30:23 [notice] 42#42: gracefully shutting down
2025/11/16 04:30:23 [notice] 39#39: gracefully shutting down
2025/11/16 04:30:23 [notice] 36#36: gracefully shutting down
2025/11/16 04:30:23 [notice] 39#39: exiting
2025/11/16 04:30:23 [notice] 44#44: gracefully shutting down
2025/11/16 04:30:23 [notice] 29#29: exiting
2025/11/16 04:30:23 [notice] 33#33: exiting
2025/11/16 04:30:23 [notice] 35#35: exiting
2025/11/16 04:30:23 [notice] 39#39: exit
2025/11/16 04:30:23 [notice] 30#30: exiting
2025/11/16 04:30:23 [notice] 32#32: exiting
2025/11/16 04:30:23 [notice] 40#40: exiting
2025/11/16 04:30:23 [notice] 35#35: exit
2025/11/16 04:30:23 [notice] 34#34: exit
2025/11/16 04:30:23 [notice] 30#30: exit
2025/11/16 04:30:23 [notice] 43#43: exiting
2025/11/16 04:30:23 [notice] 40#40: exit
2025/11/16 04:30:23 [notice] 37#37: exiting
2025/11/16 04:30:23 [notice] 38#38: exit
2025/11/16 04:30:23 [notice] 42#42: exiting
2025/11/16 04:30:23 [notice] 37#37: exit
2025/11/16 04:30:23 [notice] 36#36: exiting
2025/11/16 04:30:23 [notice] 44#44: exiting
2025/11/16 04:30:23 [notice] 29#29: exit
2025/11/16 04:30:23 [notice] 33#33: exit
2025/11/16 04:30:23 [notice] 32#32: exit
2025/11/16 04:30:23 [notice] 43#43: exit
2025/11/16 04:30:23 [notice] 42#42: exit
2025/11/16 04:30:23 [notice] 36#36: exit
2025/11/16 04:30:23 [notice] 44#44: exit
2025/11/16 04:30:24 [notice] 1#1: signal 17 (SIGCHLD) received from 44
2025/11/16 04:30:24 [notice] 1#1: worker process 29 exited with code 0
2025/11/16 04:30:24 [notice] 1#1: worker process 30 exited with code 0
2025/11/16 04:30:24 [notice] 1#1: worker process 32 exited with code 0
2025/11/16 04:30:24 [notice] 1#1: worker process 33 exited with code 0
2025/11/16 04:30:24 [notice] 1#1: worker process 34 exited with code 0
2025/11/16 04:30:24 [notice] 1#1: worker process 35 exited with code 0
2025/11/16 04:30:24 [notice] 1#1: worker process 36 exited with code 0
2025/11/16 04:30:24 [notice] 1#1: worker process 37 exited with code 0
2025/11/16 04:30:24 [notice] 1#1: worker process 38 exited with code 0
2025/11/16 04:30:24 [notice] 1#1: worker process 39 exited with code 0
2025/11/16 04:30:24 [notice] 1#1: worker process 40 exited with code 0
2025/11/16 04:30:24 [notice] 1#1: worker process 41 exited with code 0
2025/11/16 04:30:24 [notice] 1#1: worker process 42 exited with code 0
2025/11/16 04:30:24 [notice] 1#1: worker process 43 exited with code 0
2025/11/16 04:30:24 [notice] 1#1: worker process 44 exited with code 0
2025/11/16 04:30:24 [notice] 1#1: signal 17 (SIGCHLD) received from 35
2025/11/16 04:30:24 [notice] 1#1: signal 29 (SIGIO) received
2025/11/16 04:32:47 [notice] 1#1: using the "epoll" event method
2025/11/16 04:32:47 [notice] 1#1: nginx/1.27.5
2025/11/16 04:32:47 [notice] 1#1: built by gcc 14.2.0 (Alpine 14.2.0) 
2025/11/16 04:32:47 [notice] 1#1: OS: Linux 6.10.14-linuxkit
2025/11/16 04:32:47 [notice] 1#1: getrlimit(RLIMIT_NOFILE): 1048576:1048576
2025/11/16 04:32:47 [notice] 1#1: start worker processes
2025/11/16 04:32:47 [notice] 1#1: start worker process 29
2025/11/16 04:32:47 [notice] 1#1: start worker process 30
2025/11/16 04:32:47 [notice] 1#1: start worker process 31
2025/11/16 04:32:47 [notice] 1#1: start worker process 32
2025/11/16 04:32:47 [notice] 1#1: start worker process 33
2025/11/16 04:32:47 [notice] 1#1: start worker process 34
2025/11/16 04:32:47 [notice] 1#1: start worker process 35
2025/11/16 04:32:47 [notice] 1#1: start worker process 36
2025/11/16 04:32:47 [notice] 1#1: start worker process 37
2025/11/16 04:32:47 [notice] 1#1: start worker process 38
2025/11/16 04:32:47 [notice] 1#1: start worker process 39
2025/11/16 04:32:47 [notice] 1#1: start worker process 40
2025/11/16 04:32:47 [notice] 1#1: start worker process 41
2025/11/16 04:32:47 [notice] 1#1: start worker process 42
2025/11/16 04:32:47 [notice] 1#1: start worker process 43
2025/11/16 04:32:47 [notice] 1#1: start worker process 44
2025/11/16 05:10:47 [notice] 1#1: using the "epoll" event method
2025/11/16 05:10:47 [notice] 1#1: nginx/1.27.5
2025/11/16 05:10:47 [notice] 1#1: built by gcc 14.2.0 (Alpine 14.2.0) 
2025/11/16 05:10:47 [notice] 1#1: OS: Linux 6.10.14-linuxkit
2025/11/16 05:10:47 [notice] 1#1: getrlimit(RLIMIT_NOFILE): 1048576:1048576
2025/11/16 05:10:47 [notice] 1#1: start worker processes
2025/11/16 05:10:47 [notice] 1#1: start worker process 29
2025/11/16 05:10:47 [notice] 1#1: start worker process 30
2025/11/16 05:10:47 [notice] 1#1: start worker process 31
2025/11/16 05:10:47 [notice] 1#1: start worker process 32
2025/11/16 05:10:47 [notice] 1#1: start worker process 33
2025/11/16 05:10:47 [notice] 1#1: start worker process 34
2025/11/16 05:10:47 [notice] 1#1: start worker process 35
2025/11/16 05:10:47 [notice] 1#1: start worker process 36
2025/11/16 05:10:47 [notice] 1#1: start worker process 37
2025/11/16 05:10:47 [notice] 1#1: start worker process 38
2025/11/16 05:10:47 [notice] 1#1: start worker process 39
2025/11/16 05:10:47 [notice] 1#1: start worker process 40
2025/11/16 05:10:47 [notice] 1#1: start worker process 41
2025/11/16 05:10:47 [notice] 1#1: start worker process 42
2025/11/16 05:10:47 [notice] 1#1: start worker process 43
2025/11/16 05:10:47 [notice] 1#1: start worker process 44
2025/11/16 05:15:32 [notice] 1#1: signal 3 (SIGQUIT) received, shutting down
2025/11/16 05:15:32 [notice] 30#30: gracefully shutting down
2025/11/16 05:15:32 [notice] 37#37: gracefully shutting down
2025/11/16 05:15:32 [notice] 29#29: gracefully shutting down
2025/11/16 05:15:32 [notice] 32#32: gracefully shutting down
2025/11/16 05:15:32 [notice] 29#29: exiting
2025/11/16 05:15:32 [notice] 31#31: gracefully shutting down
2025/11/16 05:15:32 [notice] 33#33: gracefully shutting down
2025/11/16 05:15:32 [notice] 34#34: gracefully shutting down
2025/11/16 05:15:32 [notice] 35#35: gracefully shutting down
2025/11/16 05:15:32 [notice] 40#40: gracefully shutting down
2025/11/16 05:15:32 [notice] 39#39: gracefully shutting down
2025/11/16 05:15:32 [notice] 42#42: gracefully shutting down
2025/11/16 05:15:32 [notice] 38#38: gracefully shutting down
2025/11/16 05:15:32 [notice] 43#43: gracefully shutting down
2025/11/16 05:15:32 [notice] 36#36: gracefully shutting down
2025/11/16 05:15:32 [notice] 41#41: gracefully shutting down
2025/11/16 05:15:32 [notice] 44#44: gracefully shutting down
2025/11/16 05:15:32 [notice] 30#30: exiting
2025/11/16 05:15:32 [notice] 37#37: exiting
2025/11/16 05:15:32 [notice] 32#32: exiting
2025/11/16 05:15:32 [notice] 31#31: exiting
2025/11/16 05:15:32 [notice] 33#33: exiting
2025/11/16 05:15:32 [notice] 29#29: exit
2025/11/16 05:15:32 [notice] 34#34: exiting
2025/11/16 05:15:32 [notice] 35#35: exiting
2025/11/16 05:15:32 [notice] 40#40: exiting
2025/11/16 05:15:32 [notice] 39#39: exiting
2025/11/16 05:15:32 [notice] 42#42: exiting
2025/11/16 05:15:32 [notice] 38#38: exiting
2025/11/16 05:15:32 [notice] 40#40: exit
2025/11/16 05:15:32 [notice] 43#43: exiting
2025/11/16 05:15:32 [notice] 42#42: exit
2025/11/16 05:15:32 [notice] 36#36: exiting
2025/11/16 05:15:32 [notice] 41#41: exiting
2025/11/16 05:15:32 [notice] 44#44: exiting
2025/11/16 05:15:32 [notice] 30#30: exit
2025/11/16 05:15:32 [notice] 37#37: exit
2025/11/16 05:15:32 [notice] 41#41: exit
2025/11/16 05:15:32 [notice] 32#32: exit
2025/11/16 05:15:32 [notice] 44#44: exit
2025/11/16 05:15:32 [notice] 31#31: exit
2025/11/16 05:15:32 [notice] 33#33: exit
2025/11/16 05:15:32 [notice] 34#34: exit
2025/11/16 05:15:32 [notice] 35#35: exit
2025/11/16 05:15:32 [notice] 39#39: exit
2025/11/16 05:15:32 [notice] 38#38: exit
2025/11/16 05:15:32 [notice] 43#43: exit
2025/11/16 05:15:32 [notice] 36#36: exit
2025/11/16 05:15:32 [notice] 1#1: signal 17 (SIGCHLD) received from 29
2025/11/16 05:15:32 [notice] 1#1: worker process 29 exited with code 0
2025/11/16 05:15:32 [notice] 1#1: worker process 30 exited with code 0
2025/11/16 05:15:32 [notice] 1#1: worker process 31 exited with code 0
2025/11/16 05:15:32 [notice] 1#1: worker process 32 exited with code 0
2025/11/16 05:15:32 [notice] 1#1: worker process 33 exited with code 0
2025/11/16 05:15:32 [notice] 1#1: worker process 37 exited with code 0
2025/11/16 05:15:32 [notice] 1#1: worker process 40 exited with code 0
2025/11/16 05:15:32 [notice] 1#1: worker process 41 exited with code 0
2025/11/16 05:15:32 [notice] 1#1: worker process 42 exited with code 0
2025/11/16 05:15:32 [notice] 1#1: worker process 44 exited with code 0
2025/11/16 05:15:32 [notice] 1#1: signal 17 (SIGCHLD) received from 37
2025/11/16 05:15:32 [notice] 1#1: signal 29 (SIGIO) received
2025/11/16 05:15:32 [notice] 1#1: signal 17 (SIGCHLD) received from 35
2025/11/16 05:15:32 [notice] 1#1: worker process 35 exited with code 0
2025/11/16 05:15:32 [notice] 1#1: worker process 36 exited with code 0
2025/11/16 05:15:32 [notice] 1#1: worker process 38 exited with code 0
2025/11/16 05:15:32 [notice] 1#1: worker process 39 exited with code 0
2025/11/16 05:15:32 [notice] 1#1: worker process 43 exited with code 0
2025/11/16 05:15:32 [notice] 1#1: signal 17 (SIGCHLD) received from 39
2025/11/16 05:15:32 [notice] 1#1: signal 29 (SIGIO) received
2025/11/16 05:15:32 [notice] 1#1: signal 17 (SIGCHLD) received from 34
2025/11/16 05:15:32 [notice] 1#1: worker process 34 exited with code 0
2025/11/16 05:15:32 [notice] 1#1: exit
2025/11/16 05:15:36 [notice] 1#1: using the "epoll" event method
2025/11/16 05:15:36 [notice] 1#1: nginx/1.27.5
2025/11/16 05:15:36 [notice] 1#1: built by gcc 14.2.0 (Alpine 14.2.0) 
2025/11/16 05:15:36 [notice] 1#1: OS: Linux 6.10.14-linuxkit
2025/11/16 05:15:36 [notice] 1#1: getrlimit(RLIMIT_NOFILE): 1048576:1048576
2025/11/16 05:15:36 [notice] 1#1: start worker processes
2025/11/16 05:15:36 [notice] 1#1: start worker process 29
2025/11/16 05:15:36 [notice] 1#1: start worker process 30
2025/11/16 05:15:36 [notice] 1#1: start worker process 31
2025/11/16 05:15:36 [notice] 1#1: start worker process 32
2025/11/16 05:15:36 [notice] 1#1: start worker process 33
2025/11/16 05:15:36 [notice] 1#1: start worker process 34
2025/11/16 05:15:36 [notice] 1#1: start worker process 35
2025/11/16 05:15:36 [notice] 1#1: start worker process 36
2025/11/16 05:15:36 [notice] 1#1: start worker process 37
2025/11/16 05:15:36 [notice] 1#1: start worker process 38
2025/11/16 05:15:36 [notice] 1#1: start worker process 39
2025/11/16 05:15:36 [notice] 1#1: start worker process 40
2025/11/16 05:15:36 [notice] 1#1: start worker process 41
2025/11/16 05:15:36 [notice] 1#1: start worker process 42
2025/11/16 05:15:36 [notice] 1#1: start worker process 43
2025/11/16 05:15:36 [notice] 1#1: start worker process 44
2025/11/18 07:56:57 [notice] 1#1: signal 3 (SIGQUIT) received, shutting down
2025/11/18 07:56:57 [notice] 29#29: gracefully shutting down
2025/11/18 07:56:57 [notice] 30#30: gracefully shutting down
2025/11/18 07:56:57 [notice] 44#44: gracefully shutting down
2025/11/18 07:56:57 [notice] 31#31: gracefully shutting down
2025/11/18 07:56:57 [notice] 32#32: gracefully shutting down
2025/11/18 07:56:57 [notice] 31#31: exiting
2025/11/18 07:56:57 [notice] 33#33: gracefully shutting down
2025/11/18 07:56:57 [notice] 34#34: gracefully shutting down
2025/11/18 07:56:57 [notice] 36#36: gracefully shutting down
2025/11/18 07:56:57 [notice] 35#35: gracefully shutting down
2025/11/18 07:56:57 [notice] 37#37: gracefully shutting down
2025/11/18 07:56:57 [notice] 38#38: gracefully shutting down
2025/11/18 07:56:57 [notice] 40#40: gracefully shutting down
2025/11/18 07:56:57 [notice] 39#39: gracefully shutting down
2025/11/18 07:56:57 [notice] 38#38: exiting
2025/11/18 07:56:57 [notice] 41#41: gracefully shutting down
2025/11/18 07:56:57 [notice] 39#39: exiting
2025/11/18 07:56:57 [notice] 42#42: gracefully shutting down
2025/11/18 07:56:57 [notice] 43#43: gracefully shutting down
2025/11/18 07:56:57 [notice] 29#29: exiting
2025/11/18 07:56:57 [notice] 30#30: exiting
2025/11/18 07:56:57 [notice] 44#44: exiting
2025/11/18 07:56:57 [notice] 32#32: exiting
2025/11/18 07:56:57 [notice] 31#31: exit
2025/11/18 07:56:57 [notice] 33#33: exiting
2025/11/18 07:56:57 [notice] 34#34: exiting
2025/11/18 07:56:57 [notice] 36#36: exiting
2025/11/18 07:56:57 [notice] 44#44: exit
2025/11/18 07:56:57 [notice] 35#35: exiting
2025/11/18 07:56:57 [notice] 37#37: exiting
2025/11/18 07:56:57 [notice] 40#40: exiting
2025/11/18 07:56:57 [notice] 41#41: exiting
2025/11/18 07:56:57 [notice] 42#42: exiting
2025/11/18 07:56:57 [notice] 38#38: exit
2025/11/18 07:56:57 [notice] 43#43: exiting
2025/11/18 07:56:57 [notice] 39#39: exit
2025/11/18 07:56:57 [notice] 29#29: exit
2025/11/18 07:56:57 [notice] 30#30: exit
2025/11/18 07:56:57 [notice] 32#32: exit
2025/11/18 07:56:57 [notice] 43#43: exit
2025/11/18 07:56:57 [notice] 33#33: exit
2025/11/18 07:56:57 [notice] 34#34: exit
2025/11/18 07:56:57 [notice] 36#36: exit
2025/11/18 07:56:57 [notice] 35#35: exit
2025/11/18 07:56:57 [notice] 37#37: exit
2025/11/18 07:56:57 [notice] 40#40: exit
2025/11/18 07:56:57 [notice] 41#41: exit
2025/11/18 07:56:57 [notice] 42#42: exit
2025/11/18 07:56:57 [notice] 1#1: signal 17 (SIGCHLD) received from 29
2025/11/18 07:56:57 [notice] 1#1: worker process 29 exited with code 0
2025/11/18 07:56:57 [notice] 1#1: worker process 38 exited with code 0
2025/11/18 07:56:57 [notice] 1#1: signal 29 (SIGIO) received
2025/11/18 07:56:57 [notice] 1#1: signal 17 (SIGCHLD) received from 36
2025/11/18 07:56:57 [notice] 1#1: worker process 36 exited with code 0
2025/11/18 07:56:57 [notice] 1#1: worker process 32 exited with code 0
2025/11/18 07:56:57 [notice] 1#1: worker process 39 exited with code 0
2025/11/18 07:56:57 [notice] 1#1: signal 17 (SIGCHLD) received from 32
2025/11/18 07:56:57 [notice] 1#1: worker process 31 exited with code 0
2025/11/18 07:56:57 [notice] 1#1: worker process 30 exited with code 0
2025/11/18 07:56:57 [notice] 1#1: worker process 34 exited with code 0
2025/11/18 07:56:57 [notice] 1#1: worker process 33 exited with code 0
2025/11/18 07:56:57 [notice] 1#1: worker process 35 exited with code 0
2025/11/18 07:56:57 [notice] 1#1: worker process 37 exited with code 0
2025/11/18 07:56:57 [notice] 1#1: worker process 40 exited with code 0
2025/11/18 07:56:57 [notice] 1#1: worker process 41 exited with code 0
2025/11/18 07:56:57 [notice] 1#1: worker process 42 exited with code 0
2025/11/18 07:56:57 [notice] 1#1: worker process 43 exited with code 0
2025/11/18 07:56:57 [notice] 1#1: worker process 44 exited with code 0
2025/11/18 07:56:57 [notice] 1#1: exit
2025/11/18 08:07:28 [notice] 1#1: using the "epoll" event method
2025/11/18 08:07:28 [notice] 1#1: nginx/1.27.5
2025/11/18 08:07:28 [notice] 1#1: built by gcc 14.2.0 (Alpine 14.2.0) 
2025/11/18 08:07:28 [notice] 1#1: OS: Linux 6.10.14-linuxkit
2025/11/18 08:07:28 [notice] 1#1: getrlimit(RLIMIT_NOFILE): 1048576:1048576
2025/11/18 08:07:28 [notice] 1#1: start worker processes
2025/11/18 08:07:28 [notice] 1#1: start worker process 29
2025/11/18 08:07:28 [notice] 1#1: start worker process 30
2025/11/18 08:07:28 [notice] 1#1: start worker process 31
2025/11/18 08:07:28 [notice] 1#1: start worker process 32
2025/11/18 08:07:28 [notice] 1#1: start worker process 33
2025/11/18 08:07:28 [notice] 1#1: start worker process 34
2025/11/18 08:07:28 [notice] 1#1: start worker process 35
2025/11/18 08:07:28 [notice] 1#1: start worker process 36
2025/11/18 08:07:28 [notice] 1#1: start worker process 37
2025/11/18 08:07:28 [notice] 1#1: start worker process 38
2025/11/18 08:07:28 [notice] 1#1: start worker process 39
2025/11/18 08:07:28 [notice] 1#1: start worker process 40
2025/11/18 08:07:28 [notice] 1#1: start worker process 41
2025/11/18 08:07:28 [notice] 1#1: start worker process 42
2025/11/18 08:07:28 [notice] 1#1: start worker process 43
2025/11/18 08:07:28 [notice] 1#1: start worker process 44
2025/11/18 08:19:21 [notice] 1#1: signal 3 (SIGQUIT) received, shutting down
2025/11/18 08:19:21 [notice] 29#29: gracefully shutting down
2025/11/18 08:19:21 [notice] 30#30: gracefully shutting down
2025/11/18 08:19:21 [notice] 30#30: exiting
2025/11/18 08:19:21 [notice] 31#31: gracefully shutting down
2025/11/18 08:19:21 [notice] 33#33: gracefully shutting down
2025/11/18 08:19:21 [notice] 35#35: gracefully shutting down
2025/11/18 08:19:21 [notice] 32#32: gracefully shutting down
2025/11/18 08:19:21 [notice] 34#34: gracefully shutting down
2025/11/18 08:19:21 [notice] 36#36: gracefully shutting down
2025/11/18 08:19:21 [notice] 37#37: gracefully shutting down
2025/11/18 08:19:21 [notice] 38#38: gracefully shutting down
2025/11/18 08:19:21 [notice] 39#39: gracefully shutting down
2025/11/18 08:19:21 [notice] 40#40: gracefully shutting down
2025/11/18 08:19:21 [notice] 38#38: exiting
2025/11/18 08:19:21 [notice] 42#42: gracefully shutting down
2025/11/18 08:19:21 [notice] 41#41: gracefully shutting down
2025/11/18 08:19:21 [notice] 43#43: gracefully shutting down
2025/11/18 08:19:21 [notice] 29#29: exiting
2025/11/18 08:19:21 [notice] 44#44: gracefully shutting down
2025/11/18 08:19:21 [notice] 31#31: exiting
2025/11/18 08:19:21 [notice] 30#30: exit
2025/11/18 08:19:21 [notice] 33#33: exiting
2025/11/18 08:19:21 [notice] 35#35: exiting
2025/11/18 08:19:21 [notice] 32#32: exiting
2025/11/18 08:19:21 [notice] 36#36: exiting
2025/11/18 08:19:21 [notice] 37#37: exiting
2025/11/18 08:19:21 [notice] 39#39: exiting
2025/11/18 08:19:21 [notice] 40#40: exiting
2025/11/18 08:19:21 [notice] 42#42: exiting
2025/11/18 08:19:21 [notice] 41#41: exiting
2025/11/18 08:19:21 [notice] 43#43: exiting
2025/11/18 08:19:21 [notice] 38#38: exit
2025/11/18 08:19:21 [notice] 44#44: exiting
2025/11/18 08:19:21 [notice] 29#29: exit
2025/11/18 08:19:21 [notice] 31#31: exit
2025/11/18 08:19:21 [notice] 33#33: exit
2025/11/18 08:19:21 [notice] 32#32: exit
2025/11/18 08:19:21 [notice] 35#35: exit
2025/11/18 08:19:21 [notice] 44#44: exit
2025/11/18 08:19:21 [notice] 36#36: exit
2025/11/18 08:19:21 [notice] 37#37: exit
2025/11/18 08:19:21 [notice] 39#39: exit
2025/11/18 08:19:21 [notice] 40#40: exit
2025/11/18 08:19:21 [notice] 42#42: exit
2025/11/18 08:19:21 [notice] 41#41: exit
2025/11/18 08:19:21 [notice] 43#43: exit
2025/11/18 08:19:21 [notice] 1#1: signal 17 (SIGCHLD) received from 42
2025/11/18 08:19:21 [notice] 1#1: worker process 33 exited with code 0
2025/11/18 08:19:21 [notice] 1#1: worker process 37 exited with code 0
2025/11/18 08:19:21 [notice] 1#1: worker process 42 exited with code 0
2025/11/18 08:19:21 [notice] 1#1: worker process 43 exited with code 0
2025/11/18 08:19:21 [notice] 1#1: signal 17 (SIGCHLD) received from 43
2025/11/18 08:19:21 [notice] 1#1: signal 29 (SIGIO) received
2025/11/18 08:19:21 [notice] 1#1: signal 17 (SIGCHLD) received from 41
2025/11/18 08:19:21 [notice] 1#1: worker process 30 exited with code 0
2025/11/18 08:19:21 [notice] 1#1: worker process 31 exited with code 0
2025/11/18 08:19:21 [notice] 1#1: worker process 29 exited with code 0
2025/11/18 08:19:21 [notice] 1#1: worker process 32 exited with code 0
2025/11/18 08:19:21 [notice] 1#1: worker process 35 exited with code 0
2025/11/18 08:19:21 [notice] 1#1: worker process 36 exited with code 0
2025/11/18 08:19:21 [notice] 1#1: worker process 41 exited with code 0
2025/11/18 08:19:21 [notice] 1#1: signal 17 (SIGCHLD) received from 30
2025/11/18 08:19:21 [notice] 1#1: signal 29 (SIGIO) received
2025/11/18 08:19:21 [notice] 1#1: signal 17 (SIGCHLD) received from 38
2025/11/18 08:19:21 [notice] 1#1: worker process 38 exited with code 0
2025/11/18 08:19:21 [notice] 1#1: worker process 44 exited with code 0
2025/11/18 08:19:21 [notice] 1#1: worker process 39 exited with code 0
2025/11/18 08:19:21 [notice] 1#1: worker process 40 exited with code 0
2025/11/18 08:19:21 [notice] 1#1: signal 17 (SIGCHLD) received from 44
2025/11/18 08:19:21 [notice] 1#1: signal 29 (SIGIO) received
2025/11/18 08:19:22 [notice] 1#1: signal 3 (SIGQUIT) received, shutting down
2025/11/18 08:19:23 [notice] 1#1: signal 3 (SIGQUIT) received, shutting down
2025/11/18 08:19:26 [notice] 1#1: signal 3 (SIGQUIT) received, shutting down
2025/11/18 08:19:29 [notice] 1#1: signal 3 (SIGQUIT) received, shutting down
2025/11/18 08:20:26 [notice] 1#1: using the "epoll" event method
2025/11/18 08:20:26 [notice] 1#1: nginx/1.27.5
2025/11/18 08:20:26 [notice] 1#1: built by gcc 14.2.0 (Alpine 14.2.0) 
2025/11/18 08:20:26 [notice] 1#1: OS: Linux 6.10.14-linuxkit
2025/11/18 08:20:26 [notice] 1#1: getrlimit(RLIMIT_NOFILE): 1048576:1048576
2025/11/18 08:20:26 [notice] 1#1: start worker processes
2025/11/18 08:20:26 [notice] 1#1: start worker process 29
2025/11/18 08:20:26 [notice] 1#1: start worker process 30
2025/11/18 08:20:26 [notice] 1#1: start worker process 31
2025/11/18 08:20:26 [notice] 1#1: start worker process 32
2025/11/18 08:20:26 [notice] 1#1: start worker process 33
2025/11/18 08:20:26 [notice] 1#1: start worker process 34
2025/11/18 08:20:26 [notice] 1#1: start worker process 35
2025/11/18 08:20:26 [notice] 1#1: start worker process 36
2025/11/18 08:20:26 [notice] 1#1: start worker process 37
2025/11/18 08:20:26 [notice] 1#1: start worker process 38
2025/11/18 08:20:26 [notice] 1#1: start worker process 39
2025/11/18 08:20:26 [notice] 1#1: start worker process 40
2025/11/18 08:20:26 [notice] 1#1: start worker process 41
2025/11/18 08:20:26 [notice] 1#1: start worker process 42
2025/11/18 08:20:26 [notice] 1#1: start worker process 43
2025/11/18 08:20:26 [notice] 1#1: start worker process 44
2025/11/18 08:24:52 [notice] 1#1: signal 3 (SIGQUIT) received, shutting down
2025/11/18 08:24:52 [notice] 29#29: gracefully shutting down
2025/11/18 08:24:52 [notice] 30#30: gracefully shutting down
2025/11/18 08:24:52 [notice] 31#31: gracefully shutting down
2025/11/18 08:24:52 [notice] 32#32: gracefully shutting down
2025/11/18 08:24:52 [notice] 33#33: gracefully shutting down
2025/11/18 08:24:52 [notice] 34#34: gracefully shutting down
2025/11/18 08:24:52 [notice] 35#35: gracefully shutting down
2025/11/18 08:24:52 [notice] 36#36: gracefully shutting down
2025/11/18 08:24:52 [notice] 34#34: exiting
2025/11/18 08:24:52 [notice] 37#37: gracefully shutting down
2025/11/18 08:24:52 [notice] 38#38: gracefully shutting down
2025/11/18 08:24:52 [notice] 41#41: gracefully shutting down
2025/11/18 08:24:52 [notice] 40#40: gracefully shutting down
2025/11/18 08:24:52 [notice] 39#39: gracefully shutting down
2025/11/18 08:24:52 [notice] 41#41: exiting
2025/11/18 08:24:52 [notice] 42#42: gracefully shutting down
2025/11/18 08:24:52 [notice] 43#43: gracefully shutting down
2025/11/18 08:24:52 [notice] 44#44: gracefully shutting down
2025/11/18 08:24:52 [notice] 43#43: exiting
2025/11/18 08:24:52 [notice] 29#29: exiting
2025/11/18 08:24:52 [notice] 30#30: exiting
2025/11/18 08:24:52 [notice] 31#31: exiting
2025/11/18 08:24:52 [notice] 33#33: exiting
2025/11/18 08:24:52 [notice] 35#35: exiting
2025/11/18 08:24:52 [notice] 36#36: exiting
2025/11/18 08:24:52 [notice] 37#37: exiting
2025/11/18 08:24:52 [notice] 31#31: exit
2025/11/18 08:24:52 [notice] 38#38: exiting
2025/11/18 08:24:52 [notice] 36#36: exit
2025/11/18 08:24:52 [notice] 34#34: exit
2025/11/18 08:24:52 [notice] 40#40: exiting
2025/11/18 08:24:52 [notice] 39#39: exiting
2025/11/18 08:24:52 [notice] 42#42: exiting
2025/11/18 08:24:52 [notice] 41#41: exit
2025/11/18 08:24:52 [notice] 44#44: exiting
2025/11/18 08:24:52 [notice] 39#39: exit
2025/11/18 08:24:52 [notice] 43#43: exit
2025/11/18 08:24:52 [notice] 42#42: exit
2025/11/18 08:24:52 [notice] 29#29: exit
2025/11/18 08:24:52 [notice] 30#30: exit
2025/11/18 08:24:52 [notice] 33#33: exit
2025/11/18 08:24:52 [notice] 35#35: exit
2025/11/18 08:24:52 [notice] 37#37: exit
2025/11/18 08:24:52 [notice] 38#38: exit
2025/11/18 08:24:52 [notice] 40#40: exit
2025/11/18 08:24:52 [notice] 44#44: exit
2025/11/18 08:24:52 [notice] 1#1: signal 17 (SIGCHLD) received from 43
2025/11/18 08:24:52 [notice] 1#1: worker process 39 exited with code 0
2025/11/18 08:24:52 [notice] 1#1: worker process 41 exited with code 0
2025/11/18 08:24:52 [notice] 1#1: worker process 43 exited with code 0
2025/11/18 08:24:52 [notice] 1#1: signal 17 (SIGCHLD) received from 41
2025/11/18 08:24:52 [notice] 1#1: signal 29 (SIGIO) received
2025/11/18 08:24:52 [notice] 1#1: signal 17 (SIGCHLD) received from 35
2025/11/18 08:24:52 [notice] 1#1: worker process 29 exited with code 0
2025/11/18 08:24:52 [notice] 1#1: worker process 30 exited with code 0
2025/11/18 08:24:52 [notice] 1#1: worker process 31 exited with code 0
2025/11/18 08:24:52 [notice] 1#1: worker process 33 exited with code 0
2025/11/18 08:24:52 [notice] 1#1: worker process 34 exited with code 0
2025/11/18 08:24:52 [notice] 1#1: worker process 35 exited with code 0
2025/11/18 08:24:52 [notice] 1#1: worker process 36 exited with code 0
2025/11/18 08:24:52 [notice] 1#1: worker process 37 exited with code 0
2025/11/18 08:24:52 [notice] 1#1: worker process 38 exited with code 0
2025/11/18 08:24:52 [notice] 1#1: worker process 40 exited with code 0
2025/11/18 08:24:52 [notice] 1#1: worker process 42 exited with code 0
2025/11/18 08:24:52 [notice] 1#1: worker process 44 exited with code 0
2025/11/18 08:24:52 [notice] 1#1: signal 17 (SIGCHLD) received from 44
2025/11/18 08:24:52 [notice] 1#1: signal 29 (SIGIO) received
2025/11/18 08:25:09 [notice] 1#1: using the "epoll" event method
2025/11/18 08:25:09 [notice] 1#1: nginx/1.27.5
2025/11/18 08:25:09 [notice] 1#1: built by gcc 14.2.0 (Alpine 14.2.0) 
2025/11/18 08:25:09 [notice] 1#1: OS: Linux 6.10.14-linuxkit
2025/11/18 08:25:09 [notice] 1#1: getrlimit(RLIMIT_NOFILE): 1048576:1048576
2025/11/18 08:25:09 [notice] 1#1: start worker processes
2025/11/18 08:25:09 [notice] 1#1: start worker process 29
2025/11/18 08:25:09 [notice] 1#1: start worker process 30
2025/11/18 08:25:09 [notice] 1#1: start worker process 31
2025/11/18 08:25:09 [notice] 1#1: start worker process 32
2025/11/18 08:25:09 [notice] 1#1: start worker process 33
2025/11/18 08:25:09 [notice] 1#1: start worker process 34
2025/11/18 08:25:09 [notice] 1#1: start worker process 35
2025/11/18 08:25:09 [notice] 1#1: start worker process 36
2025/11/18 08:25:09 [notice] 1#1: start worker process 37
2025/11/18 08:25:09 [notice] 1#1: start worker process 38
2025/11/18 08:25:09 [notice] 1#1: start worker process 39
2025/11/18 08:25:09 [notice] 1#1: start worker process 40
2025/11/18 08:25:09 [notice] 1#1: start worker process 41
2025/11/18 08:25:09 [notice] 1#1: start worker process 42
2025/11/18 08:25:09 [notice] 1#1: start worker process 43
2025/11/18 08:25:09 [notice] 1#1: start worker process 44
2025/11/18 08:26:23 [notice] 1#1: signal 3 (SIGQUIT) received, shutting down
2025/11/18 08:26:23 [notice] 29#29: gracefully shutting down
2025/11/18 08:26:23 [notice] 36#36: gracefully shutting down
2025/11/18 08:26:23 [notice] 30#30: gracefully shutting down
2025/11/18 08:26:23 [notice] 36#36: exiting
2025/11/18 08:26:23 [notice] 33#33: gracefully shutting down
2025/11/18 08:26:23 [notice] 32#32: gracefully shutting down
2025/11/18 08:26:23 [notice] 34#34: gracefully shutting down
2025/11/18 08:26:23 [notice] 31#31: gracefully shutting down
2025/11/18 08:26:23 [notice] 35#35: gracefully shutting down
2025/11/18 08:26:23 [notice] 38#38: gracefully shutting down
2025/11/18 08:26:23 [notice] 39#39: gracefully shutting down
2025/11/18 08:26:23 [notice] 37#37: gracefully shutting down
2025/11/18 08:26:23 [notice] 40#40: gracefully shutting down
2025/11/18 08:26:23 [notice] 42#42: gracefully shutting down
2025/11/18 08:26:23 [notice] 40#40: exiting
2025/11/18 08:26:23 [notice] 41#41: gracefully shutting down
2025/11/18 08:26:23 [notice] 43#43: gracefully shutting down
2025/11/18 08:26:23 [notice] 41#41: exiting
2025/11/18 08:26:23 [notice] 29#29: exiting
2025/11/18 08:26:23 [notice] 43#43: exiting
2025/11/18 08:26:23 [notice] 44#44: gracefully shutting down
2025/11/18 08:26:23 [notice] 30#30: exiting
2025/11/18 08:26:23 [notice] 33#33: exiting
2025/11/18 08:26:23 [notice] 32#32: exiting
2025/11/18 08:26:23 [notice] 36#36: exit
2025/11/18 08:26:23 [notice] 34#34: exiting
2025/11/18 08:26:23 [notice] 31#31: exiting
2025/11/18 08:26:23 [notice] 35#35: exiting
2025/11/18 08:26:23 [notice] 38#38: exiting
2025/11/18 08:26:23 [notice] 39#39: exiting
2025/11/18 08:26:23 [notice] 34#34: exit
2025/11/18 08:26:23 [notice] 37#37: exiting
2025/11/18 08:26:23 [notice] 42#42: exiting
2025/11/18 08:26:23 [notice] 40#40: exit
2025/11/18 08:26:23 [notice] 41#41: exit
2025/11/18 08:26:23 [notice] 29#29: exit
2025/11/18 08:26:23 [notice] 44#44: exiting
2025/11/18 08:26:23 [notice] 43#43: exit
2025/11/18 08:26:23 [notice] 30#30: exit
2025/11/18 08:26:23 [notice] 33#33: exit
2025/11/18 08:26:23 [notice] 32#32: exit
2025/11/18 08:26:23 [notice] 31#31: exit
2025/11/18 08:26:23 [notice] 35#35: exit
2025/11/18 08:26:23 [notice] 38#38: exit
2025/11/18 08:26:23 [notice] 39#39: exit
2025/11/18 08:26:23 [notice] 37#37: exit
2025/11/18 08:26:23 [notice] 42#42: exit
2025/11/18 08:26:23 [notice] 44#44: exit
2025/11/18 08:26:24 [notice] 1#1: signal 17 (SIGCHLD) received from 39
2025/11/18 08:26:24 [notice] 1#1: worker process 29 exited with code 0
2025/11/18 08:26:24 [notice] 1#1: worker process 30 exited with code 0
2025/11/18 08:26:24 [notice] 1#1: worker process 32 exited with code 0
2025/11/18 08:26:24 [notice] 1#1: worker process 33 exited with code 0
2025/11/18 08:26:24 [notice] 1#1: worker process 34 exited with code 0
2025/11/18 08:26:24 [notice] 1#1: worker process 36 exited with code 0
2025/11/18 08:26:24 [notice] 1#1: worker process 37 exited with code 0
2025/11/18 08:26:24 [notice] 1#1: worker process 39 exited with code 0
2025/11/18 08:26:24 [notice] 1#1: worker process 40 exited with code 0
2025/11/18 08:26:24 [notice] 1#1: worker process 41 exited with code 0
2025/11/18 08:26:24 [notice] 1#1: worker process 42 exited with code 0
2025/11/18 08:26:24 [notice] 1#1: worker process 43 exited with code 0
2025/11/18 08:26:24 [notice] 1#1: signal 17 (SIGCHLD) received from 29
2025/11/18 08:26:24 [notice] 1#1: signal 29 (SIGIO) received
2025/11/18 08:26:24 [notice] 1#1: signal 17 (SIGCHLD) received from 44
2025/11/18 08:26:24 [notice] 1#1: worker process 31 exited with code 0
2025/11/18 08:26:24 [notice] 1#1: worker process 35 exited with code 0
2025/11/18 08:26:24 [notice] 1#1: worker process 38 exited with code 0
2025/11/18 08:26:24 [notice] 1#1: worker process 44 exited with code 0
2025/11/18 08:26:24 [notice] 1#1: exit
2025/11/18 08:26:29 [notice] 1#1: using the "epoll" event method
2025/11/18 08:26:29 [notice] 1#1: nginx/1.27.5
2025/11/18 08:26:29 [notice] 1#1: built by gcc 14.2.0 (Alpine 14.2.0) 
2025/11/18 08:26:29 [notice] 1#1: OS: Linux 6.10.14-linuxkit
2025/11/18 08:26:29 [notice] 1#1: getrlimit(RLIMIT_NOFILE): 1048576:1048576
2025/11/18 08:26:29 [notice] 1#1: start worker processes
2025/11/18 08:26:29 [notice] 1#1: start worker process 29
2025/11/18 08:26:29 [notice] 1#1: start worker process 30
2025/11/18 08:26:29 [notice] 1#1: start worker process 31
2025/11/18 08:26:29 [notice] 1#1: start worker process 32
2025/11/18 08:26:29 [notice] 1#1: start worker process 33
2025/11/18 08:26:29 [notice] 1#1: start worker process 34
2025/11/18 08:26:29 [notice] 1#1: start worker process 35
2025/11/18 08:26:29 [notice] 1#1: start worker process 36
2025/11/18 08:26:29 [notice] 1#1: start worker process 37
2025/11/18 08:26:29 [notice] 1#1: start worker process 38
2025/11/18 08:26:29 [notice] 1#1: start worker process 39
2025/11/18 08:26:29 [notice] 1#1: start worker process 40
2025/11/18 08:26:29 [notice] 1#1: start worker process 41
2025/11/18 08:26:29 [notice] 1#1: start worker process 42
2025/11/18 08:26:29 [notice] 1#1: start worker process 43
2025/11/18 08:26:29 [notice] 1#1: start worker process 44
2025/11/18 08:27:27 [notice] 1#1: signal 3 (SIGQUIT) received, shutting down
2025/11/18 08:27:27 [notice] 29#29: gracefully shutting down
2025/11/18 08:27:27 [notice] 33#33: gracefully shutting down
2025/11/18 08:27:27 [notice] 30#30: gracefully shutting down
2025/11/18 08:27:27 [notice] 31#31: gracefully shutting down
2025/11/18 08:27:27 [notice] 36#36: gracefully shutting down
2025/11/18 08:27:27 [notice] 32#32: gracefully shutting down
2025/11/18 08:27:27 [notice] 34#34: gracefully shutting down
2025/11/18 08:27:27 [notice] 38#38: gracefully shutting down
2025/11/18 08:27:27 [notice] 43#43: gracefully shutting down
2025/11/18 08:27:27 [notice] 34#34: exiting
2025/11/18 08:27:27 [notice] 39#39: gracefully shutting down
2025/11/18 08:27:27 [notice] 43#43: exiting
2025/11/18 08:27:27 [notice] 41#41: gracefully shutting down
2025/11/18 08:27:27 [notice] 39#39: exiting
2025/11/18 08:27:27 [notice] 37#37: gracefully shutting down
2025/11/18 08:27:27 [notice] 34#34: exit
2025/11/18 08:27:27 [notice] 40#40: gracefully shutting down
2025/11/18 08:27:27 [notice] 35#35: gracefully shutting down
2025/11/18 08:27:27 [notice] 42#42: gracefully shutting down
2025/11/18 08:27:27 [notice] 44#44: gracefully shutting down
2025/11/18 08:27:27 [notice] 29#29: exiting
2025/11/18 08:27:27 [notice] 33#33: exiting
2025/11/18 08:27:27 [notice] 31#31: exiting
2025/11/18 08:27:27 [notice] 36#36: exiting
2025/11/18 08:27:27 [notice] 32#32: exiting
2025/11/18 08:27:27 [notice] 38#38: exiting
2025/11/18 08:27:27 [notice] 41#41: exiting
2025/11/18 08:27:27 [notice] 43#43: exit
2025/11/18 08:27:27 [notice] 37#37: exiting
2025/11/18 08:27:27 [notice] 36#36: exit
2025/11/18 08:27:27 [notice] 40#40: exiting
2025/11/18 08:27:27 [notice] 41#41: exit
2025/11/18 08:27:27 [notice] 39#39: exit
2025/11/18 08:27:27 [notice] 35#35: exiting
2025/11/18 08:27:27 [notice] 42#42: exiting
2025/11/18 08:27:27 [notice] 44#44: exiting
2025/11/18 08:27:27 [notice] 35#35: exit
2025/11/18 08:27:27 [notice] 29#29: exit
2025/11/18 08:27:27 [notice] 33#33: exit
2025/11/18 08:27:27 [notice] 31#31: exit
2025/11/18 08:27:27 [notice] 32#32: exit
2025/11/18 08:27:27 [notice] 38#38: exit
2025/11/18 08:27:27 [notice] 37#37: exit
2025/11/18 08:27:27 [notice] 40#40: exit
2025/11/18 08:27:27 [notice] 42#42: exit
2025/11/18 08:27:27 [notice] 44#44: exit
2025/11/18 08:27:27 [notice] 1#1: signal 17 (SIGCHLD) received from 36
2025/11/18 08:27:27 [notice] 1#1: worker process 36 exited with code 0
2025/11/18 08:27:27 [notice] 1#1: signal 29 (SIGIO) received
2025/11/18 08:27:27 [notice] 1#1: signal 17 (SIGCHLD) received from 38
2025/11/18 08:27:27 [notice] 1#1: worker process 33 exited with code 0
2025/11/18 08:27:27 [notice] 1#1: worker process 38 exited with code 0
2025/11/18 08:27:27 [notice] 1#1: worker process 40 exited with code 0
2025/11/18 08:27:27 [notice] 1#1: worker process 41 exited with code 0
2025/11/18 08:27:27 [notice] 1#1: signal 17 (SIGCHLD) received from 33
2025/11/18 08:27:27 [notice] 1#1: worker process 32 exited with code 0
2025/11/18 08:27:27 [notice] 1#1: worker process 31 exited with code 0
2025/11/18 08:27:27 [notice] 1#1: worker process 34 exited with code 0
2025/11/18 08:27:27 [notice] 1#1: worker process 35 exited with code 0
2025/11/18 08:27:27 [notice] 1#1: worker process 37 exited with code 0
2025/11/18 08:27:27 [notice] 1#1: worker process 39 exited with code 0
2025/11/18 08:27:27 [notice] 1#1: worker process 42 exited with code 0
2025/11/18 08:27:27 [notice] 1#1: worker process 43 exited with code 0
2025/11/18 08:27:27 [notice] 1#1: signal 17 (SIGCHLD) received from 32
2025/11/18 08:27:27 [notice] 1#1: signal 29 (SIGIO) received
2025/11/18 08:27:27 [notice] 1#1: signal 17 (SIGCHLD) received from 29
2025/11/18 08:27:27 [notice] 1#1: worker process 29 exited with code 0
2025/11/18 08:27:27 [notice] 1#1: signal 29 (SIGIO) received
2025/11/18 08:27:27 [notice] 1#1: signal 17 (SIGCHLD) received from 44
2025/11/18 08:27:27 [notice] 1#1: worker process 44 exited with code 0
2025/11/18 08:27:27 [notice] 1#1: signal 29 (SIGIO) received
2025/11/18 08:27:31 [notice] 30#30: exiting
2025/11/18 08:27:31 [notice] 30#30: exit
2025/11/18 08:27:31 [notice] 1#1: signal 17 (SIGCHLD) received from 30
2025/11/18 08:27:31 [notice] 1#1: worker process 30 exited with code 0
2025/11/18 08:27:31 [notice] 1#1: exit
2025/11/18 08:27:34 [notice] 1#1: using the "epoll" event method
2025/11/18 08:27:34 [notice] 1#1: nginx/1.27.5
2025/11/18 08:27:34 [notice] 1#1: built by gcc 14.2.0 (Alpine 14.2.0) 
2025/11/18 08:27:34 [notice] 1#1: OS: Linux 6.10.14-linuxkit
2025/11/18 08:27:34 [notice] 1#1: getrlimit(RLIMIT_NOFILE): 1048576:1048576
2025/11/18 08:27:34 [notice] 1#1: start worker processes
2025/11/18 08:27:34 [notice] 1#1: start worker process 29
2025/11/18 08:27:34 [notice] 1#1: start worker process 30
2025/11/18 08:27:34 [notice] 1#1: start worker process 31
2025/11/18 08:27:34 [notice] 1#1: start worker process 32
2025/11/18 08:27:34 [notice] 1#1: start worker process 33
2025/11/18 08:27:34 [notice] 1#1: start worker process 34
2025/11/18 08:27:34 [notice] 1#1: start worker process 35
2025/11/18 08:27:34 [notice] 1#1: start worker process 36
2025/11/18 08:27:34 [notice] 1#1: start worker process 37
2025/11/18 08:27:34 [notice] 1#1: start worker process 38
2025/11/18 08:27:34 [notice] 1#1: start worker process 39
2025/11/18 08:27:34 [notice] 1#1: start worker process 40
2025/11/18 08:27:34 [notice] 1#1: start worker process 41
2025/11/18 08:27:34 [notice] 1#1: start worker process 42
2025/11/18 08:27:34 [notice] 1#1: start worker process 43
2025/11/18 08:27:34 [notice] 1#1: start worker process 44
